<?xml version="1.0" encoding="UTF-8"?>
<testsuite name="com.ksetrasevakah.feature.suraksha.domain.model.ThreatLevelTest" tests="5" skipped="0" failures="0" errors="0" timestamp="2026-04-08T19:30:06" hostname="cursor" time="0.003">
  <properties/>
  <testcase name="fromString returns LOW for unknown values()" classname="com.ksetrasevakah.feature.suraksha.domain.model.ThreatLevelTest" time="0.0"/>
  <testcase name="isAlertable returns true for HIGH and CRITICAL()" classname="com.ksetrasevakah.feature.suraksha.domain.model.ThreatLevelTest" time="0.0"/>
  <testcase name="fromString parses case-insensitive values()" classname="com.ksetrasevakah.feature.suraksha.domain.model.ThreatLevelTest" time="0.001"/>
  <testcase name="isCritical returns true only for CRITICAL()" classname="com.ksetrasevakah.feature.suraksha.domain.model.ThreatLevelTest" time="0.0"/>
  <testcase name="isAlertable returns false for LOW and MEDIUM()" classname="com.ksetrasevakah.feature.suraksha.domain.model.ThreatLevelTest" time="0.0"/>
  <system-out><![CDATA[]]></system-out>
  <system-err><![CDATA[]]></system-err>
</testsuite>
