<?xml version="1.0" encoding="UTF-8"?>
<testsuite name="com.ksetrasevakah.designsystem.model.MotorStateTest" tests="8" skipped="0" failures="0" errors="0" timestamp="2026-04-08T19:30:05" hostname="cursor" time="0.003">
  <properties/>
  <testcase name="displayLabel returns Stopping for PENDING_STOP()" classname="com.ksetrasevakah.designsystem.model.MotorStateTest" time="0.001"/>
  <testcase name="displayLabel returns Offline for OFF()" classname="com.ksetrasevakah.designsystem.model.MotorStateTest" time="0.0"/>
  <testcase name="ON state properties are correct()" classname="com.ksetrasevakah.designsystem.model.MotorStateTest" time="0.001"/>
  <testcase name="displayLabel returns Running for ON()" classname="com.ksetrasevakah.designsystem.model.MotorStateTest" time="0.0"/>
  <testcase name="PENDING_STOP is pending()" classname="com.ksetrasevakah.designsystem.model.MotorStateTest" time="0.0"/>
  <testcase name="OFF state properties are correct()" classname="com.ksetrasevakah.designsystem.model.MotorStateTest" time="0.001"/>
  <testcase name="PENDING_START is pending()" classname="com.ksetrasevakah.designsystem.model.MotorStateTest" time="0.0"/>
  <testcase name="displayLabel returns Starting for PENDING_START()" classname="com.ksetrasevakah.designsystem.model.MotorStateTest" time="0.0"/>
  <system-out><![CDATA[]]></system-out>
  <system-err><![CDATA[]]></system-err>
</testsuite>
