<?xml version="1.0" encoding="UTF-8"?>
<testsuite name="com.ksetrasevakah.feature.suraksha.prediction.CrossModuleCorrelatorTest" tests="5" skipped="0" failures="0" errors="0" timestamp="2026-04-08T19:30:06" hostname="cursor" time="0.023">
  <properties/>
  <testcase name="returns empty list when fewer than 2 events()" classname="com.ksetrasevakah.feature.suraksha.prediction.CrossModuleCorrelatorTest" time="0.005"/>
  <testcase name="returns error when repository fails()" classname="com.ksetrasevakah.feature.suraksha.prediction.CrossModuleCorrelatorTest" time="0.003"/>
  <testcase name="returns empty list for empty events()" classname="com.ksetrasevakah.feature.suraksha.prediction.CrossModuleCorrelatorTest" time="0.003"/>
  <testcase name="finds correlation when events cluster within window()" classname="com.ksetrasevakah.feature.suraksha.prediction.CrossModuleCorrelatorTest" time="0.006"/>
  <testcase name="correlation score is between 0 and 1()" classname="com.ksetrasevakah.feature.suraksha.prediction.CrossModuleCorrelatorTest" time="0.004"/>
  <system-out><![CDATA[]]></system-out>
  <system-err><![CDATA[]]></system-err>
</testsuite>
