<?xml version="1.0" encoding="UTF-8"?>
<testsuite name="com.ksetrasevakah.feature.pumpiq.prediction.PredictionEngineTest" tests="4" skipped="0" failures="0" errors="0" timestamp="2026-04-08T18:52:23" hostname="cursor" time="0.425">
  <properties/>
  <testcase name="predictAll caches results()" classname="com.ksetrasevakah.feature.pumpiq.prediction.PredictionEngineTest" time="0.4"/>
  <testcase name="predictAll bypasses expired cache()" classname="com.ksetrasevakah.feature.pumpiq.prediction.PredictionEngineTest" time="0.01"/>
  <testcase name="predictAll uses cache when valid()" classname="com.ksetrasevakah.feature.pumpiq.prediction.PredictionEngineTest" time="0.008"/>
  <testcase name="predictAll returns result from all four predictors()" classname="com.ksetrasevakah.feature.pumpiq.prediction.PredictionEngineTest" time="0.007"/>
  <system-out><![CDATA[]]></system-out>
  <system-err><![CDATA[]]></system-err>
</testsuite>
