<?xml version="1.0" encoding="UTF-8"?>
<testsuite name="com.ksetrasevakah.feature.pumpiq.chat.ChatViewModelTest" tests="6" skipped="0" failures="0" errors="0" timestamp="2026-04-08T19:30:05" hostname="cursor" time="0.209">
  <properties/>
  <testcase name="threads are loaded on init()" classname="com.ksetrasevakah.feature.pumpiq.chat.ChatViewModelTest" time="0.154"/>
  <testcase name="error from threads use case sets error state()" classname="com.ksetrasevakah.feature.pumpiq.chat.ChatViewModelTest" time="0.004"/>
  <testcase name="initial state has empty messages and loading false after threads load()" classname="com.ksetrasevakah.feature.pumpiq.chat.ChatViewModelTest" time="0.004"/>
  <testcase name="select thread updates currentThreadId and observes messages()" classname="com.ksetrasevakah.feature.pumpiq.chat.ChatViewModelTest" time="0.011"/>
  <testcase name="send message creates thread when no current thread()" classname="com.ksetrasevakah.feature.pumpiq.chat.ChatViewModelTest" time="0.019"/>
  <testcase name="navigate back emits navigation event()" classname="com.ksetrasevakah.feature.pumpiq.chat.ChatViewModelTest" time="0.015"/>
  <system-out><![CDATA[]]></system-out>
  <system-err><![CDATA[]]></system-err>
</testsuite>
