<?xml version="1.0" encoding="UTF-8"?>
<testsuite name="com.ksetrasevakah.core.vectorstore.RagPipelineTest" tests="4" skipped="0" failures="0" errors="0" timestamp="2026-04-08T18:52:22" hostname="cursor" time="0.133">
  <properties/>
  <testcase name="query returns empty string when no results()" classname="com.ksetrasevakah.core.vectorstore.RagPipelineTest" time="0.1"/>
  <testcase name="query returns formatted results()" classname="com.ksetrasevakah.core.vectorstore.RagPipelineTest" time="0.008"/>
  <testcase name="ingest returns error when embedding fails()" classname="com.ksetrasevakah.core.vectorstore.RagPipelineTest" time="0.01"/>
  <testcase name="ingest stores document with embedding()" classname="com.ksetrasevakah.core.vectorstore.RagPipelineTest" time="0.014"/>
  <system-out><![CDATA[]]></system-out>
  <system-err><![CDATA[]]></system-err>
</testsuite>
