<?xml version="1.0" encoding="UTF-8"?>
<testsuite name="com.ksetrasevakah.feature.pumpiq.dashboard.DashboardViewModelTest" tests="4" skipped="0" failures="0" errors="0" timestamp="2026-04-08T19:30:05" hostname="cursor" time="0.109">
  <properties/>
  <testcase name="SelectChart event updates active chart tab()" classname="com.ksetrasevakah.feature.pumpiq.dashboard.DashboardViewModelTest" time="0.093"/>
  <testcase name="motor ON state updates telemetry values()" classname="com.ksetrasevakah.feature.pumpiq.dashboard.DashboardViewModelTest" time="0.006"/>
  <testcase name="error from motor state repository is reflected in UI state()" classname="com.ksetrasevakah.feature.pumpiq.dashboard.DashboardViewModelTest" time="0.006"/>
  <testcase name="initial state emits motor OFF after collection()" classname="com.ksetrasevakah.feature.pumpiq.dashboard.DashboardViewModelTest" time="0.003"/>
  <system-out><![CDATA[]]></system-out>
  <system-err><![CDATA[]]></system-err>
</testsuite>
