<?xml version="1.0" encoding="UTF-8"?>
<testsuite name="com.ksetrasevakah.core.notification.TapoNotificationParserTest" tests="8" skipped="0" failures="0" errors="0" timestamp="2026-04-08T19:30:04" hostname="cursor" time="0.009">
  <properties/>
  <testcase name="extractEventType returns UNKNOWN for unrecognized text()" classname="com.ksetrasevakah.core.notification.TapoNotificationParserTest" time="0.004"/>
  <testcase name="extractCameraName from bracket notation in text()" classname="com.ksetrasevakah.core.notification.TapoNotificationParserTest" time="0.001"/>
  <testcase name="extractCameraName returns unknown_camera when no pattern matches()" classname="com.ksetrasevakah.core.notification.TapoNotificationParserTest" time="0.0"/>
  <testcase name="extractCameraName from title with colon prefix()" classname="com.ksetrasevakah.core.notification.TapoNotificationParserTest" time="0.0"/>
  <testcase name="extractCameraName from body with from keyword()" classname="com.ksetrasevakah.core.notification.TapoNotificationParserTest" time="0.001"/>
  <testcase name="extractEventType detects person keywords()" classname="com.ksetrasevakah.core.notification.TapoNotificationParserTest" time="0.0"/>
  <testcase name="parse creates TapoEvent with all fields()" classname="com.ksetrasevakah.core.notification.TapoNotificationParserTest" time="0.001"/>
  <testcase name="extractEventType detects tampering keywords()" classname="com.ksetrasevakah.core.notification.TapoNotificationParserTest" time="0.001"/>
  <system-out><![CDATA[]]></system-out>
  <system-err><![CDATA[]]></system-err>
</testsuite>
