<?xml version="1.0" encoding="UTF-8"?>
<testsuite name="com.ksetrasevakah.core.ai.NarrativeGeneratorTest" tests="4" skipped="0" failures="0" errors="0" timestamp="2026-04-08T18:52:20" hostname="cursor" time="0.061">
  <properties/>
  <testcase name="generate returns Error on exception()" classname="com.ksetrasevakah.core.ai.NarrativeGeneratorTest" time="0.038"/>
  <testcase name="generate returns Error when model returns blank()" classname="com.ksetrasevakah.core.ai.NarrativeGeneratorTest" time="0.01"/>
  <testcase name="generate trims whitespace from narrative()" classname="com.ksetrasevakah.core.ai.NarrativeGeneratorTest" time="0.007"/>
  <testcase name="generate returns narrative on success()" classname="com.ksetrasevakah.core.ai.NarrativeGeneratorTest" time="0.004"/>
  <system-out><![CDATA[]]></system-out>
  <system-err><![CDATA[]]></system-err>
</testsuite>
