<?xml version="1.0" encoding="UTF-8"?>
<testsuite name="com.ksetrasevakah.core.notification.KsetraNotificationManagerTest" tests="4" skipped="0" failures="0" errors="0" timestamp="2026-04-08T18:52:21" hostname="cursor" time="0.445">
  <properties/>
  <testcase name="notification IDs are distinct()" classname="com.ksetrasevakah.core.notification.KsetraNotificationManagerTest" time="0.418"/>
  <testcase name="cancel removes specific notification()" classname="com.ksetrasevakah.core.notification.KsetraNotificationManagerTest" time="0.022"/>
  <testcase name="motor alert notification ID is 1001()" classname="com.ksetrasevakah.core.notification.KsetraNotificationManagerTest" time="0.001"/>
  <testcase name="cancelAll removes all notifications()" classname="com.ksetrasevakah.core.notification.KsetraNotificationManagerTest" time="0.002"/>
  <system-out><![CDATA[]]></system-out>
  <system-err><![CDATA[]]></system-err>
</testsuite>
