<?xml version="1.0" encoding="UTF-8"?>
<testsuite name="com.ksetrasevakah.core.backup.BackupManagerTest" tests="5" skipped="0" failures="0" errors="0" timestamp="2026-04-08T19:30:02" hostname="cursor" time="0.609">
  <properties/>
  <testcase name="createBackup logs success to backup log()" classname="com.ksetrasevakah.core.backup.BackupManagerTest" time="0.481"/>
  <testcase name="resetStatus sets status back to Idle()" classname="com.ksetrasevakah.core.backup.BackupManagerTest" time="0.007"/>
  <testcase name="createBackup returns error when db path unavailable()" classname="com.ksetrasevakah.core.backup.BackupManagerTest" time="0.11"/>
  <testcase name="initial status is Idle()" classname="com.ksetrasevakah.core.backup.BackupManagerTest" time="0.002"/>
  <testcase name="createBackup succeeds with valid db path()" classname="com.ksetrasevakah.core.backup.BackupManagerTest" time="0.007"/>
  <system-out><![CDATA[]]></system-out>
  <system-err><![CDATA[]]></system-err>
</testsuite>
