<?xml version="1.0" encoding="UTF-8"?>
<testsuite name="com.ksetrasevakah.feature.pumpiq.prediction.algorithm.FaultPredictorTest" tests="5" skipped="0" failures="0" errors="0" timestamp="2026-04-08T18:52:24" hostname="cursor" time="0.007">
  <properties/>
  <testcase name="returns insufficient data when fewer than 3 faults()" classname="com.ksetrasevakah.feature.pumpiq.prediction.algorithm.FaultPredictorTest" time="0.0"/>
  <testcase name="computes confidence proportional to fault count()" classname="com.ksetrasevakah.feature.pumpiq.prediction.algorithm.FaultPredictorTest" time="0.005"/>
  <testcase name="identifies most likely fault type()" classname="com.ksetrasevakah.feature.pumpiq.prediction.algorithm.FaultPredictorTest" time="0.0"/>
  <testcase name="predicts next fault hours correctly()" classname="com.ksetrasevakah.feature.pumpiq.prediction.algorithm.FaultPredictorTest" time="0.001"/>
  <testcase name="builds risk timeline with 6 entries()" classname="com.ksetrasevakah.feature.pumpiq.prediction.algorithm.FaultPredictorTest" time="0.0"/>
  <system-out><![CDATA[]]></system-out>
  <system-err><![CDATA[]]></system-err>
</testsuite>
