<?xml version="1.0" encoding="UTF-8"?>
<testsuite name="com.ksetrasevakah.core.ai.NarrativeGeneratorTest" tests="4" skipped="0" failures="0" errors="0" timestamp="2026-04-08T19:30:02" hostname="cursor" time="0.057">
  <properties/>
  <testcase name="generate returns Error on exception()" classname="com.ksetrasevakah.core.ai.NarrativeGeneratorTest" time="0.034"/>
  <testcase name="generate returns Error when model returns blank()" classname="com.ksetrasevakah.core.ai.NarrativeGeneratorTest" time="0.009"/>
  <testcase name="generate trims whitespace from narrative()" classname="com.ksetrasevakah.core.ai.NarrativeGeneratorTest" time="0.007"/>
  <testcase name="generate returns narrative on success()" classname="com.ksetrasevakah.core.ai.NarrativeGeneratorTest" time="0.006"/>
  <system-out><![CDATA[]]></system-out>
  <system-err><![CDATA[]]></system-err>
</testsuite>
