<?xml version="1.0" encoding="UTF-8"?>
<testsuite name="com.ksetrasevakah.feature.suraksha.prediction.ThreatClassifierTest" tests="8" skipped="0" failures="0" errors="0" timestamp="2026-04-08T19:30:06" hostname="cursor" time="0.069">
  <properties/>
  <testcase name="classify uses AI for PERSON events()" classname="com.ksetrasevakah.feature.suraksha.prediction.ThreatClassifierTest" time="0.055"/>
  <testcase name="parseAiResponse maps CRITICAL to CriticalAlarm()" classname="com.ksetrasevakah.feature.suraksha.prediction.ThreatClassifierTest" time="0.002"/>
  <testcase name="classify falls back on AI exception()" classname="com.ksetrasevakah.feature.suraksha.prediction.ThreatClassifierTest" time="0.006"/>
  <testcase name="classify returns CriticalAlarm for TAMPERING without AI call()" classname="com.ksetrasevakah.feature.suraksha.prediction.ThreatClassifierTest" time="0.002"/>
  <testcase name="applyRules returns null for non-tampering events()" classname="com.ksetrasevakah.feature.suraksha.prediction.ThreatClassifierTest" time="0.0"/>
  <testcase name="applyRules returns CriticalAlarm for TAMPERING()" classname="com.ksetrasevakah.feature.suraksha.prediction.ThreatClassifierTest" time="0.001"/>
  <testcase name="parseAiResponse maps LOW to LogOnly()" classname="com.ksetrasevakah.feature.suraksha.prediction.ThreatClassifierTest" time="0.001"/>
  <testcase name="fallbackClassification returns MEDIUM for PERSON()" classname="com.ksetrasevakah.feature.suraksha.prediction.ThreatClassifierTest" time="0.0"/>
  <system-out><![CDATA[]]></system-out>
  <system-err><![CDATA[]]></system-err>
</testsuite>
