<?xml version="1.0" encoding="UTF-8"?>
<testsuite name="com.ksetrasevakah.feature.suraksha.domain.model.CameraModeTest" tests="4" skipped="0" failures="0" errors="0" timestamp="2026-04-08T19:28:43" hostname="cursor" time="0.002">
  <properties/>
  <testcase name="shouldProcess returns false for DROP()" classname="com.ksetrasevakah.feature.suraksha.domain.model.CameraModeTest" time="0.0"/>
  <testcase name="fromString parses case-insensitive and defaults to ACTIVE()" classname="com.ksetrasevakah.feature.suraksha.domain.model.CameraModeTest" time="0.001"/>
  <testcase name="shouldProcess returns true for ACTIVE and SILENT()" classname="com.ksetrasevakah.feature.suraksha.domain.model.CameraModeTest" time="0.0"/>
  <testcase name="shouldAlert returns true only for ACTIVE()" classname="com.ksetrasevakah.feature.suraksha.domain.model.CameraModeTest" time="0.0"/>
  <system-out><![CDATA[]]></system-out>
  <system-err><![CDATA[]]></system-err>
</testsuite>
