<?xml version="1.0" encoding="UTF-8"?>
<testsuite name="com.ksetrasevakah.feature.suraksha.prediction.ThreatRouterTest" tests="8" skipped="0" failures="0" errors="0" timestamp="2026-04-08T19:28:44" hostname="cursor" time="0.167">
  <properties/>
  <testcase name="route does not alert for SILENT camera()" classname="com.ksetrasevakah.feature.suraksha.prediction.ThreatRouterTest" time="0.109"/>
  <testcase name="route triggers critical alarm for CriticalAlarm action()" classname="com.ksetrasevakah.feature.suraksha.prediction.ThreatRouterTest" time="0.007"/>
  <testcase name="route updates lastSeen for known camera()" classname="com.ksetrasevakah.feature.suraksha.prediction.ThreatRouterTest" time="0.007"/>
  <testcase name="route skips Drop action without persisting()" classname="com.ksetrasevakah.feature.suraksha.prediction.ThreatRouterTest" time="0.008"/>
  <testcase name="route sends notification for Notify action on ACTIVE camera()" classname="com.ksetrasevakah.feature.suraksha.prediction.ThreatRouterTest" time="0.006"/>
  <testcase name="route skips processing when camera mode is DROP()" classname="com.ksetrasevakah.feature.suraksha.prediction.ThreatRouterTest" time="0.006"/>
  <testcase name="route persists event for ACTIVE camera()" classname="com.ksetrasevakah.feature.suraksha.prediction.ThreatRouterTest" time="0.007"/>
  <testcase name="route auto-registers unknown camera()" classname="com.ksetrasevakah.feature.suraksha.prediction.ThreatRouterTest" time="0.015"/>
  <system-out><![CDATA[]]></system-out>
  <system-err><![CDATA[]]></system-err>
</testsuite>
