<?xml version="1.0" encoding="UTF-8"?>
<testsuite name="com.ksetrasevakah.feature.suraksha.prediction.ActivitySpikeDetectorTest" tests="5" skipped="0" failures="0" errors="0" timestamp="2026-04-08T19:28:43" hostname="cursor" time="0.02">
  <properties/>
  <testcase name="isActivitySpike returns true when count exceeds threshold()" classname="com.ksetrasevakah.feature.suraksha.prediction.ActivitySpikeDetectorTest" time="0.005"/>
  <testcase name="isCoordinatedActivity returns true when multiple cameras active()" classname="com.ksetrasevakah.feature.suraksha.prediction.ActivitySpikeDetectorTest" time="0.004"/>
  <testcase name="isActivitySpike returns false when camera not found()" classname="com.ksetrasevakah.feature.suraksha.prediction.ActivitySpikeDetectorTest" time="0.004"/>
  <testcase name="isActivitySpike returns false when count below threshold()" classname="com.ksetrasevakah.feature.suraksha.prediction.ActivitySpikeDetectorTest" time="0.004"/>
  <testcase name="isCoordinatedActivity returns false with single active camera()" classname="com.ksetrasevakah.feature.suraksha.prediction.ActivitySpikeDetectorTest" time="0.003"/>
  <system-out><![CDATA[]]></system-out>
  <system-err><![CDATA[]]></system-err>
</testsuite>
