<?xml version="1.0" encoding="UTF-8"?>
<testsuite name="com.ksetrasevakah.feature.pumpiq.chat.ChatOrchestratorTest" tests="5" skipped="0" failures="0" errors="0" timestamp="2026-04-08T19:28:42" hostname="cursor" time="0.162">
  <properties/>
  <testcase name="getResponse releases model after successful generation()" classname="com.ksetrasevakah.feature.pumpiq.chat.ChatOrchestratorTest" time="0.131"/>
  <testcase name="getResponse loads orchestrator model before generation()" classname="com.ksetrasevakah.feature.pumpiq.chat.ChatOrchestratorTest" time="0.008"/>
  <testcase name="getResponse returns success with model output()" classname="com.ksetrasevakah.feature.pumpiq.chat.ChatOrchestratorTest" time="0.007"/>
  <testcase name="getResponse returns error when model returns blank()" classname="com.ksetrasevakah.feature.pumpiq.chat.ChatOrchestratorTest" time="0.007"/>
  <testcase name="getResponse returns error on exception()" classname="com.ksetrasevakah.feature.pumpiq.chat.ChatOrchestratorTest" time="0.008"/>
  <system-out><![CDATA[]]></system-out>
  <system-err><![CDATA[]]></system-err>
</testsuite>
