<?xml version="1.0" encoding="UTF-8"?>
<testsuite name="com.ksetrasevakah.feature.suraksha.dashboard.SurakshaDashboardViewModelTest" tests="6" skipped="0" failures="0" errors="0" timestamp="2026-04-08T19:28:43" hostname="cursor" time="0.151">
  <properties/>
  <testcase name="acknowledge event calls repository()" classname="com.ksetrasevakah.feature.suraksha.dashboard.SurakshaDashboardViewModelTest" time="0.106"/>
  <testcase name="events are loaded and heatmap is built()" classname="com.ksetrasevakah.feature.suraksha.dashboard.SurakshaDashboardViewModelTest" time="0.011"/>
  <testcase name="retry reloads the dashboard()" classname="com.ksetrasevakah.feature.suraksha.dashboard.SurakshaDashboardViewModelTest" time="0.008"/>
  <testcase name="briefing is loaded into state()" classname="com.ksetrasevakah.feature.suraksha.dashboard.SurakshaDashboardViewModelTest" time="0.009"/>
  <testcase name="error from repository is reflected in UI state()" classname="com.ksetrasevakah.feature.suraksha.dashboard.SurakshaDashboardViewModelTest" time="0.008"/>
  <testcase name="initial state loads threat counts successfully()" classname="com.ksetrasevakah.feature.suraksha.dashboard.SurakshaDashboardViewModelTest" time="0.009"/>
  <system-out><![CDATA[]]></system-out>
  <system-err><![CDATA[]]></system-err>
</testsuite>
