<?xml version="1.0" encoding="UTF-8"?>
<testsuite name="com.ksetrasevakah.feature.pumpiq.prediction.algorithm.PowerFailurePredictorTest" tests="6" skipped="0" failures="0" errors="0" timestamp="2026-04-08T19:28:43" hostname="cursor" time="0.007">
  <properties/>
  <testcase name="computes non-zero confidence for voltage dips()" classname="com.ksetrasevakah.feature.pumpiq.prediction.algorithm.PowerFailurePredictorTest" time="0.001"/>
  <testcase name="returns LOW risk when no voltage dips below 200V()" classname="com.ksetrasevakah.feature.pumpiq.prediction.algorithm.PowerFailurePredictorTest" time="0.0"/>
  <testcase name="counts total days correctly()" classname="com.ksetrasevakah.feature.pumpiq.prediction.algorithm.PowerFailurePredictorTest" time="0.0"/>
  <testcase name="returns insufficient data when fewer than 10 entries()" classname="com.ksetrasevakah.feature.pumpiq.prediction.algorithm.PowerFailurePredictorTest" time="0.0"/>
  <testcase name="assigns higher risk for lower voltages()" classname="com.ksetrasevakah.feature.pumpiq.prediction.algorithm.PowerFailurePredictorTest" time="0.001"/>
  <testcase name="identifies hour with lowest average voltage()" classname="com.ksetrasevakah.feature.pumpiq.prediction.algorithm.PowerFailurePredictorTest" time="0.001"/>
  <system-out><![CDATA[]]></system-out>
  <system-err><![CDATA[]]></system-err>
</testsuite>
