<?xml version="1.0" encoding="UTF-8"?>
<testsuite name="com.ksetrasevakah.feature.suraksha.prediction.SecurityBriefingGeneratorTest" tests="4" skipped="0" failures="0" errors="0" timestamp="2026-04-08T19:28:43" hostname="cursor" time="0.025">
  <properties/>
  <testcase name="returns error on exception()" classname="com.ksetrasevakah.feature.suraksha.prediction.SecurityBriefingGeneratorTest" time="0.004"/>
  <testcase name="returns error when model returns empty briefing()" classname="com.ksetrasevakah.feature.suraksha.prediction.SecurityBriefingGeneratorTest" time="0.01"/>
  <testcase name="generates briefing successfully()" classname="com.ksetrasevakah.feature.suraksha.prediction.SecurityBriefingGeneratorTest" time="0.007"/>
  <testcase name="returns error when events fetch fails()" classname="com.ksetrasevakah.feature.suraksha.prediction.SecurityBriefingGeneratorTest" time="0.004"/>
  <system-out><![CDATA[]]></system-out>
  <system-err><![CDATA[]]></system-err>
</testsuite>
